2024-11-03 15:28:45,140 - recommendation-api - INFO - Starting recommendation server...
2024-11-03 15:28:45,569 - recommendation-api - INFO - Starting recommendation server...
2024-11-03 15:28:45,569 - recommendation-api - INFO - Starting recommendation server...
2024-11-03 15:41:19,915 - recommendation-api - INFO - Shutting down recommendation server...
2024-11-03 15:41:19,915 - recommendation-api - INFO - Shutting down recommendation server...
2024-11-03 16:47:18,927 - recommendation-api - INFO - Starting recommendation server...
2024-11-03 16:47:19,651 - recommendation-api - INFO - Starting recommendation server...
2024-11-03 16:47:19,651 - recommendation-api - INFO - Starting recommendation server...
2024-11-03 16:48:03,018 - recommendation-api - INFO - Shutting down recommendation server...
2024-11-03 16:48:03,018 - recommendation-api - INFO - Shutting down recommendation server...
2024-11-03 16:48:44,253 - recommendation-api - INFO - Starting recommendation server...
2024-11-03 16:48:44,671 - recommendation-api - INFO - Starting recommendation server...
2024-11-03 16:48:44,671 - recommendation-api - INFO - Starting recommendation server...
2024-11-03 16:49:07,716 - recommendation-api - INFO - Shutting down recommendation server...
2024-11-03 16:49:07,716 - recommendation-api - INFO - Shutting down recommendation server...
2024-11-03 16:50:25,963 - recommendation-api - INFO - Starting recommendation server...
2024-11-03 16:50:26,380 - recommendation-api - INFO - Starting recommendation server...
2024-11-03 16:50:26,380 - recommendation-api - INFO - Starting recommendation server...
2024-11-03 16:51:04,665 - recommendation-api - INFO - Shutting down recommendation server...
2024-11-03 16:51:04,665 - recommendation-api - INFO - Shutting down recommendation server...
2024-11-03 17:44:19,100 - recommendation-api - INFO - Starting recommendation server...
2024-11-03 17:44:20,133 - recommendation-api - INFO - Starting recommendation server...
2024-11-03 17:44:20,133 - recommendation-api - INFO - Starting recommendation server...
2024-11-03 17:47:27,887 - recommendation-api - INFO - Starting recommendation server...
2024-11-03 17:47:27,887 - recommendation-api - ERROR - Error starting server: 'Settings' object has no attribute 'MODEL_PATH'
2024-11-03 17:54:06,567 - recommendation-api - INFO - Starting recommendation server...
2024-11-03 17:54:06,567 - recommendation-api - ERROR - Error starting server: 'Settings' object has no attribute 'DATA_PATH'
2024-11-03 17:55:39,883 - recommendation-api - INFO - Starting recommendation server...
2024-11-03 17:55:39,883 - recommendation-api - INFO - Ensured directory exists: /home/jovyan/recommend_server/logs
2024-11-03 17:55:39,884 - recommendation-api - INFO - Ensured directory exists: /home/jovyan/recommend_server/data/preprocessed
2024-11-03 17:55:39,886 - recommendation-api - INFO - Ensured directory exists: /home/jovyan/recommend_server/experiments/best_model
2024-11-03 17:55:39,887 - recommendation-api - INFO - Ensured directory exists: /home/jovyan/recommend_server/data/similarities
2024-11-03 17:55:40,644 - recommendation-api - INFO - Starting recommendation server...
2024-11-03 17:55:40,644 - recommendation-api - INFO - Starting recommendation server...
2024-11-03 17:55:51,667 - recommendation-api - INFO - Starting recommendation server...
2024-11-03 17:55:51,668 - recommendation-api - INFO - Ensured directory exists: /home/jovyan/recommend_server/logs
2024-11-03 17:55:51,669 - recommendation-api - INFO - Ensured directory exists: /home/jovyan/recommend_server/data/preprocessed
2024-11-03 17:55:51,670 - recommendation-api - INFO - Ensured directory exists: /home/jovyan/recommend_server/experiments/best_model
2024-11-03 17:55:51,670 - recommendation-api - INFO - Ensured directory exists: /home/jovyan/recommend_server/data/similarities
2024-11-03 17:55:52,423 - recommendation-api - INFO - Starting recommendation server...
2024-11-03 17:55:52,423 - recommendation-api - INFO - Starting recommendation server...
2024-11-03 17:55:52,445 - recommendation-api - INFO - Shutting down recommendation server...
2024-11-03 17:55:52,445 - recommendation-api - INFO - Shutting down recommendation server...
2024-11-04 03:52:36,936 - recommendation-api - INFO - Shutting down recommendation server...
2024-11-04 03:52:36,936 - recommendation-api - INFO - Shutting down recommendation server...
